#
# There is insufficient memory for the Java Runtime Environment to continue.
# Native memory allocation (mmap) failed to map 260046848 bytes for Failed to commit area from 0x0000000709400000 to 0x0000000718c00000 of length 260046848.
# Possible reasons:
#   The system is out of physical RAM or swap space
#   The process is running with CompressedOops enabled, and the Java Heap may be blocking the growth of the native heap
# Possible solutions:
#   Reduce memory load on the system
#   Increase physical memory or swap space
#   Check if swap backing store is full
#   Decrease Java heap size (-Xmx/-Xms)
#   Decrease number of Java threads
#   Decrease Java thread stack sizes (-Xss)
#   Set larger code cache with -XX:ReservedCodeCacheSize=
# This output file may be truncated or incomplete.
#
#  Out of Memory Error (src/hotspot/os/windows/os_windows.cpp:3627), pid=25324, tid=9944
#
# JRE version:  (11.0.15) (build )
# Java VM: OpenJDK 64-Bit Server VM (11.0.15+0-b2043.56-9505619, mixed mode, sharing, tiered, compressed oops, g1 gc, windows-amd64)
# No core dump will be written. Minidumps are not enabled by default on client versions of Windows
#

---------------  S U M M A R Y ------------

Command Line: git4idea.http.GitAskPassApp Username for 'https://gitlab.cecs.anu.edu.au': 

Host: AMD Ryzen 9 4900HS with Radeon Graphics         , 16 cores, 15G,  Windows 10 , 64 bit Build 19041 (10.0.19041.2788)
Time: Sat Apr 29 15:53:19 2023 AUS Eastern Standard Time elapsed time: 0.010314 seconds (0d 0h 0m 0s)

---------------  T H R E A D  ---------------

Current thread (0x000001780f478800):  JavaThread "Unknown thread" [_thread_in_vm, id=9944, stack(0x0000006bd0400000,0x0000006bd0500000)]

Stack: [0x0000006bd0400000,0x0000006bd0500000]
Native frames: (J=compiled Java code, j=interpreted, Vv=VM code, C=native code)
V  [jvm.dll+0x64135a]
V  [jvm.dll+0x7d39f9]
V  [jvm.dll+0x7d51b9]
V  [jvm.dll+0x7d58a3]
V  [jvm.dll+0x2691c5]
V  [jvm.dll+0x63e4e9]
V  [jvm.dll+0x632985]
V  [jvm.dll+0x3231ac]
V  [jvm.dll+0x323032]
V  [jvm.dll+0x327c06]
V  [jvm.dll+0x36ffa2]
V  [jvm.dll+0x36fa01]
V  [jvm.dll+0x2fea28]
V  [jvm.dll+0x2ffb25]
V  [jvm.dll+0x7accd7]
V  [jvm.dll+0x7ae49f]
V  [jvm.dll+0x37d299]
V  [jvm.dll+0x78ef9f]
V  [jvm.dll+0x3ec847]
V  [jvm.dll+0x3eed31]
C  [jli.dll+0x52cb]
C  [ucrtbase.dll+0x21bb2]
C  [KERNEL32.DLL+0x17604]
C  [ntdll.dll+0x526a1]


---------------  P R O C E S S  ---------------

Threads class SMR info:
_java_thread_list=0x000001780d2f4e50, length=0, elements={
}

Java Threads: ( => current thread )

Other Threads:
  0x000001780f48f000 GCTaskThread "GC Thread#0" [stack: 0x0000006bd0500000,0x0000006bd0600000] [id=12964]
  0x000001780f4e9000 ConcurrentGCThread "G1 Main Marker" [stack: 0x0000006bd0600000,0x0000006bd0700000] [id=24032]
  0x000001780f4ea800 ConcurrentGCThread "G1 Conc#0" [stack: 0x0000006bd0700000,0x0000006bd0800000] [id=23744]

[error occurred during error reporting (printing all threads), id 0xc0000005, EXCEPTION_ACCESS_VIOLATION (0xc0000005) at pc=0x00007ffcde58f3e7]

VM state:not at safepoint (not fully initialized)

VM Mutex/Monitor currently owned by a thread:  ([mutex/lock_event])
[0x000001780f475d70] Heap_lock - owner thread: 0x000001780f478800

Heap address: 0x0000000709400000, size: 3948 MB, Compressed Oops mode: Non-zero based: 0x0000000709400000
Narrow klass base: 0x0000000000000000, Narrow klass shift: 0

GC Heap History (0 events):
No events

Deoptimization events (0 events):
No events

Classes redefined (0 events):
No events

Internal exceptions (0 events):
No events

Events (1 events):
Event: 0.006 Loaded shared library C:\Program Files\Android\Android Studio\jbr\bin\zip.dll


Dynamic libraries:
0x00007ff7e3f40000 - 0x00007ff7e3f4a000 	C:\Program Files\Android\Android Studio\jbr\bin\java.exe
0x00007ffd4fa30000 - 0x00007ffd4fc28000 	C:\Windows\SYSTEM32\ntdll.dll
0x00007ffd4e620000 - 0x00007ffd4e6df000 	C:\Windows\System32\KERNEL32.DLL
0x00007ffd4d140000 - 0x00007ffd4d41a000 	C:\Windows\System32\KERNELBASE.dll
0x00007ffd4d6b0000 - 0x00007ffd4d7b0000 	C:\Windows\System32\ucrtbase.dll
0x00007ffd25c50000 - 0x00007ffd25c67000 	C:\Program Files\Android\Android Studio\jbr\bin\jli.dll
0x00007ffd26850000 - 0x00007ffd2686b000 	C:\Program Files\Android\Android Studio\jbr\bin\VCRUNTIME140.dll
0x00007ffd4e340000 - 0x00007ffd4e4dd000 	C:\Windows\System32\USER32.dll
0x00007ffd3bea0000 - 0x00007ffd3c13a000 	C:\Windows\WinSxS\amd64_microsoft.windows.common-controls_6595b64144ccf1df_6.0.19041.1110_none_60b5254171f9507e\COMCTL32.dll
0x00007ffd4d420000 - 0x00007ffd4d442000 	C:\Windows\System32\win32u.dll
0x00007ffd4df10000 - 0x00007ffd4df3b000 	C:\Windows\System32\GDI32.dll
0x00007ffd4dd20000 - 0x00007ffd4ddbe000 	C:\Windows\System32\msvcrt.dll
0x00007ffd4d820000 - 0x00007ffd4d930000 	C:\Windows\System32\gdi32full.dll
0x00007ffd4d610000 - 0x00007ffd4d6ad000 	C:\Windows\System32\msvcp_win.dll
0x00007ffd4eae0000 - 0x00007ffd4eb10000 	C:\Windows\System32\IMM32.DLL
0x00007ffd26840000 - 0x00007ffd2684c000 	C:\Program Files\Android\Android Studio\jbr\bin\vcruntime140_1.dll
0x00007ffd0fda0000 - 0x00007ffd0fe2d000 	C:\Program Files\Android\Android Studio\jbr\bin\msvcp140.dll
0x00007ffcde280000 - 0x00007ffcdee3c000 	C:\Program Files\Android\Android Studio\jbr\bin\server\jvm.dll
0x00007ffd4db40000 - 0x00007ffd4dbee000 	C:\Windows\System32\ADVAPI32.dll
0x00007ffd4f0b0000 - 0x00007ffd4f14c000 	C:\Windows\System32\sechost.dll
0x00007ffd4e800000 - 0x00007ffd4e926000 	C:\Windows\System32\RPCRT4.dll
0x00007ffd4f0a0000 - 0x00007ffd4f0a8000 	C:\Windows\System32\PSAPI.DLL
0x00007ffd45dc0000 - 0x00007ffd45dca000 	C:\Windows\SYSTEM32\VERSION.dll
0x00007ffd3b4c0000 - 0x00007ffd3b4c9000 	C:\Windows\SYSTEM32\WSOCK32.dll
0x00007ffd4af40000 - 0x00007ffd4af67000 	C:\Windows\SYSTEM32\WINMM.dll
0x00007ffd4e6e0000 - 0x00007ffd4e74b000 	C:\Windows\System32\WS2_32.dll
0x00007ffd4b950000 - 0x00007ffd4b962000 	C:\Windows\SYSTEM32\kernel.appcore.dll
0x00007ffd2c7a0000 - 0x00007ffd2c7b0000 	C:\Program Files\Android\Android Studio\jbr\bin\verify.dll
0x00007ffd4ad50000 - 0x00007ffd4af34000 	C:\Windows\SYSTEM32\DBGHELP.DLL
0x00007ffd4ad10000 - 0x00007ffd4ad44000 	C:\Windows\SYSTEM32\dbgcore.DLL
0x00007ffd4d580000 - 0x00007ffd4d602000 	C:\Windows\System32\bcryptPrimitives.dll
0x00007ffd1bb40000 - 0x00007ffd1bb68000 	C:\Program Files\Android\Android Studio\jbr\bin\java.dll
0x00007ffd2c790000 - 0x00007ffd2c79a000 	C:\Program Files\Android\Android Studio\jbr\bin\jimage.dll
0x00007ffcf3c90000 - 0x00007ffcf3ca8000 	C:\Program Files\Android\Android Studio\jbr\bin\zip.dll

dbghelp: loaded successfully - version: 4.0.5 - missing functions: none
symbol engine: initialized successfully - sym options: 0x614 - pdb path: .;C:\Program Files\Android\Android Studio\jbr\bin;C:\Windows\SYSTEM32;C:\Windows\WinSxS\amd64_microsoft.windows.common-controls_6595b64144ccf1df_6.0.19041.1110_none_60b5254171f9507e;C:\Program Files\Android\Android Studio\jbr\bin\server

VM Arguments:
java_command: git4idea.http.GitAskPassApp Username for 'https://gitlab.cecs.anu.edu.au': 
java_class_path (initial): C:/Program Files/Android/Android Studio/plugins/git4idea/lib/git4idea-rt.jar;C:/Program Files/Android/Android Studio/lib/externalProcess-rt.jar;C:/Program Files/Android/Android Studio/lib/app.jar;C:/Program Files/Android/Android Studio/lib/3rd-party-rt.jar
Launcher Type: SUN_STANDARD

[Global flags]
     intx CICompilerCount                          = 12                                        {product} {ergonomic}
     uint ConcGCThreads                            = 3                                         {product} {ergonomic}
     uint G1ConcRefinementThreads                  = 13                                        {product} {ergonomic}
   size_t G1HeapRegionSize                         = 1048576                                   {product} {ergonomic}
    uintx GCDrainStackTargetSize                   = 64                                        {product} {ergonomic}
   size_t InitialHeapSize                          = 260046848                                 {product} {ergonomic}
   size_t MarkStackSize                            = 4194304                                   {product} {ergonomic}
   size_t MaxHeapSize                              = 4139778048                                {product} {ergonomic}
   size_t MinHeapDeltaBytes                        = 1048576                                   {product} {ergonomic}
    uintx NonNMethodCodeHeapSize                   = 7594288                                {pd product} {ergonomic}
    uintx NonProfiledCodeHeapSize                  = 122031976                              {pd product} {ergonomic}
    uintx ProfiledCodeHeapSize                     = 122031976                              {pd product} {ergonomic}
    uintx ReservedCodeCacheSize                    = 251658240                              {pd product} {ergonomic}
     bool SegmentedCodeCache                       = true                                      {product} {ergonomic}
     bool UseCompressedClassPointers               = true                                 {lp64_product} {ergonomic}
     bool UseCompressedOops                        = true                                 {lp64_product} {ergonomic}
     bool UseG1GC                                  = true                                      {product} {ergonomic}
     bool UseLargePagesIndividualAllocation        = false                                  {pd product} {ergonomic}

Logging:
Log output configuration:
 #0: stdout all=warning uptime,level,tags
 #1: stderr all=off uptime,level,tags

Environment Variables:
PATH=C:\Program Files\Git\mingw64\libexec\git-core;C:\Program Files\Git\mingw64\libexec\git-core;C:\Program Files\Git\mingw64\bin;C:\Program Files\Git\usr\bin;C:\Users\Karthik\bin;C:\Program Files\Common Files\Oracle\Java\javapath;C:\Program Files (x86)\Common Files\Oracle\Java\javapath;C:\Program Files\AdoptOpenJDK\jdk-16.0.1.9-hotspot\bin;C:\Windows\system32;C:\Windows;C:\Windows\System32\Wbem;C:\Windows\System32\WindowsPowerShell\v1.0;C:\Windows\System32\OpenSSH;C:\Program Files\NVIDIA Corporation\NVIDIA NvDLISR;C:\Program Files\dotnet;C:\Program Files\Microsoft SQL Server\130\Tools\Binn;C:\Program Files\Microsoft SQL Server\Client SDK\ODBC\170\Tools\Binn;C:\Program Files (x86)\Microsoft SQL Server\150\Tools\Binn;C:\Program Files\Microsoft SQL Server\150\Tools\Binn;C:\Program Files\Microsoft SQL Server\150\DTS\Binn;C:\Program Files (x86)\Microsoft SQL Server\150\DTS\Binn;C:\Program Files\Azure Data Studio\bin;C:\Program Files\nodejs;C:\Program Files (x86)\NVIDIA Corporation\PhysX\Common;C:\Program Files\MATLAB\R2021b\bin;C:\Program Files\PuTTY;C:\Program Files\Git\cmd;C:\Users\Karthik\AppData\Local\Microsoft\WindowsApps;C:\Users\Karthik\AppData\Local\Programs\Microsoft VS Code\bin;C:\Users\Karthik\.dotnet\tools;C:\Program Files\Azure Data Studio\bin;C:\Users\Karthik\AppData\Roaming\npm;C:\Program Files\JetBrains\IntelliJ IDEA Community Edition 2021.1.3\bin;C:\Users\Karthik\anaconda3\Scripts;C:\Users\Karthik\anaconda3;C:\Users\Karthik\anaconda3\Library\bin;C:\Users\Karthik\AppData\Local\Programs\MiKTeX\miktex\bin\x64
USERNAME=Karthik
DISPLAY=:0.0
LC_ALL=en_US.UTF-8
OS=Windows_NT
PROCESSOR_IDENTIFIER=AMD64 Family 23 Model 96 Stepping 1, AuthenticAMD



---------------  S Y S T E M  ---------------

OS: Windows 10 , 64 bit Build 19041 (10.0.19041.2788)
OS uptime: 1 days 2:35 hours
Hyper-V role detected

CPU:total 16 (initial active 16) (16 cores per cpu, 2 threads per core) family 23 model 96 stepping 1 microcode 0x0, cmov, cx8, fxsr, mmx, sse, sse2, sse3, ssse3, sse4.1, sse4.2, popcnt, avx, avx2, aes, clmul, mmxext, 3dnowpref, lzcnt, sse4a, ht, tsc, tscinvbit, tscinv, bmi1, bmi2, adx, sha, fma

Memory: 4k page, system-wide physical 15789M (1111M free)
TotalPageFile size 32173M (AvailPageFile size 87M)
current process WorkingSet (physical memory assigned to process): 10M, peak: 10M
current process commit charge ("private bytes"): 71M, peak: 319M

vm_info: OpenJDK 64-Bit Server VM (11.0.15+0-b2043.56-9505619) for windows-amd64 JRE (11.0.15+0-b2043.56-9505619), built on Jan 19 2023 02:48:00 by "builduser" with unknown MS VC++:1929

END.
